This is e-pTeX, Version 3.14159265-p3.7.1-161114-2.6 (utf8.euc) (TeX Live 2017) (preloaded format=platex 2018.2.7)  23 MAY 2018 13:49
entering extended mode
 restricted \write18 enabled.
 %&-line parsing enabled.
**integrate.tex
(./integrate.tex
pLaTeX2e <2017/10/28>+4 (based on LaTeX2e <2017-04-15>)
Babel <3.17> and hyphenation patterns for 84 language(s) loaded.
(/usr/local/texlive/2017/texmf-dist/tex/platex/jsclasses/jsarticle.cls
Document Class: jsarticle 2017/10/04 jsclasses (okumura, texjporg)
\jsc@mpt=\dimen118
\jsc@mmm=\dimen119
\jsc@smallskipamount=\skip41
LaTeX Info: Redefining \rmfamily on input line 471.
LaTeX Info: Redefining \sffamily on input line 474.
LaTeX Info: Redefining \ttfamily on input line 477.
LaTeX Info: Redefining \textmc on input line 481.
LaTeX Info: Redefining \textgt on input line 483.
\symmincho=\mathgroup4
LaTeX Font Info:    Overwriting symbol font `mincho' in version `bold'
(Font)                  JY1/mc/m/n --> JY1/gt/m/n on input line 545.
LaTeX Font Info:    Font shape `JT1/mc/m/n' will be
(Font)              scaled to size 9.60999pt on input line 736.
LaTeX Font Info:    Font shape `JY1/mc/m/n' will be
(Font)              scaled to size 9.60999pt on input line 736.
\fullwidth=\dimen120
LaTeX Font Info:    Font shape `JT1/mc/m/n' will be
(Font)              scaled to size 7.68799pt on input line 889.
LaTeX Font Info:    Font shape `JY1/mc/m/n' will be
(Font)              scaled to size 7.68799pt on input line 889.
\c@part=\count82
\c@section=\count83
\c@subsection=\count84
\c@subsubsection=\count85
\c@paragraph=\count86
\c@subparagraph=\count87
\@abstractbox=\box42
\c@figure=\count88
\c@table=\count89
\abovecaptionskip=\skip42
\belowcaptionskip=\skip43
\jsc@tocl@width=\dimen121
\@lnumwidth=\dimen122
\bibindent=\dimen123
(/usr/local/texlive/2017/texmf-dist/tex/platex/jsclasses/jslogo.sty
Package: jslogo 2017/02/24 okumura, texjporg
LaTeX Info: Redefining \TeX on input line 94.
LaTeX Info: Redefining \LaTeX on input line 147.
LaTeX Info: Redefining \LaTeXe on input line 200.
)
\heisei=\count90
)
(/usr/local/texlive/2017/texmf-dist/tex/latex/here/here.sty)
(/usr/local/texlive/2017/texmf-dist/tex/latex/float/float.sty
Package: float 2001/11/08 v1.3d Float enhancements (AL)
\c@float@type=\count91
\float@exts=\toks15
\float@box=\box43
\@float@everytoks=\toks16
\@floatcapt=\box44
)
(/usr/local/texlive/2017/texmf-dist/tex/latex/tools/array.sty
Package: array 2016/10/06 v2.4d Tabular extension package (FMi)
\col@sep=\dimen124
\extrarowheight=\dimen125
\NC@list=\toks17
\extratabsurround=\skip44
\backup@length=\skip45
)
(/usr/local/texlive/2017/texmf-dist/tex/latex/booktabs/booktabs.sty
Package: booktabs 2016/04/27 v1.618033 publication quality tables
\heavyrulewidth=\dimen126
\lightrulewidth=\dimen127
\cmidrulewidth=\dimen128
\belowrulesep=\dimen129
\belowbottomsep=\dimen130
\aboverulesep=\dimen131
\abovetopsep=\dimen132
\cmidrulesep=\dimen133
\cmidrulekern=\dimen134
\defaultaddspace=\dimen135
\@cmidla=\count92
\@cmidlb=\count93
\@aboverulesep=\dimen136
\@belowrulesep=\dimen137
\@thisruleclass=\count94
\@lastruleclass=\count95
\@thisrulewidth=\dimen138
)
(/usr/local/texlive/2017/texmf-dist/tex/latex/amsmath/amsmath.sty
Package: amsmath 2017/09/02 v2.17a AMS math features
\@mathmargin=\skip46

For additional information on amsmath, use the `?' option.
(/usr/local/texlive/2017/texmf-dist/tex/latex/amsmath/amstext.sty
Package: amstext 2000/06/29 v2.01 AMS text

(/usr/local/texlive/2017/texmf-dist/tex/latex/amsmath/amsgen.sty
File: amsgen.sty 1999/11/30 v2.0 generic functions
\@emptytoks=\toks18
\ex@=\dimen139
))
(/usr/local/texlive/2017/texmf-dist/tex/latex/amsmath/amsbsy.sty
Package: amsbsy 1999/11/29 v1.2d Bold Symbols
\pmbraise@=\dimen140
)
(/usr/local/texlive/2017/texmf-dist/tex/latex/amsmath/amsopn.sty
Package: amsopn 2016/03/08 v2.02 operator names
)
\inf@bad=\count96
LaTeX Info: Redefining \frac on input line 213.
\uproot@=\count97
\leftroot@=\count98
LaTeX Info: Redefining \overline on input line 375.
\classnum@=\count99
\DOTSCASE@=\count100
LaTeX Info: Redefining \ldots on input line 472.
LaTeX Info: Redefining \dots on input line 475.
LaTeX Info: Redefining \cdots on input line 596.
\Mathstrutbox@=\box45
\strutbox@=\box46
\big@size=\dimen141
LaTeX Font Info:    Redeclaring font encoding OML on input line 712.
LaTeX Font Info:    Redeclaring font encoding OMS on input line 713.
\macc@depth=\count101
\c@MaxMatrixCols=\count102
\dotsspace@=\muskip10
\c@parentequation=\count103
\dspbrk@lvl=\count104
\tag@help=\toks19
\row@=\count105
\column@=\count106
\maxfields@=\count107
\andhelp@=\toks20
\eqnshift@=\dimen142
\alignsep@=\dimen143
\tagshift@=\dimen144
\tagwidth@=\dimen145
\totwidth@=\dimen146
\lineht@=\dimen147
\@envbody=\toks21
\multlinegap=\skip47
\multlinetaggap=\skip48
\mathdisplay@stack=\toks22
LaTeX Info: Redefining \[ on input line 2817.
LaTeX Info: Redefining \] on input line 2818.
)
(/usr/local/texlive/2017/texmf-dist/tex/latex/amsfonts/amssymb.sty
Package: amssymb 2013/01/14 v3.01 AMS font symbols

(/usr/local/texlive/2017/texmf-dist/tex/latex/amsfonts/amsfonts.sty
Package: amsfonts 2013/01/14 v3.01 Basic AMSFonts support
\symAMSa=\mathgroup5
\symAMSb=\mathgroup6
LaTeX Font Info:    Overwriting math alphabet `\mathfrak' in version `bold'
(Font)                  U/euf/m/n --> U/euf/b/n on input line 106.
))
(/usr/local/texlive/2017/texmf-dist/tex/latex/mathtools/mathtools.sty
Package: mathtools 2018/01/08 v1.21 mathematical typesetting tools

(/usr/local/texlive/2017/texmf-dist/tex/latex/graphics/keyval.sty
Package: keyval 2014/10/28 v1.15 key=value parser (DPC)
\KV@toks@=\toks23
)
(/usr/local/texlive/2017/texmf-dist/tex/latex/tools/calc.sty
Package: calc 2014/10/28 v4.3 Infix arithmetic (KKT,FJ)
\calc@Acount=\count108
\calc@Bcount=\count109
\calc@Adimen=\dimen148
\calc@Bdimen=\dimen149
\calc@Askip=\skip49
\calc@Bskip=\skip50
LaTeX Info: Redefining \setlength on input line 80.
LaTeX Info: Redefining \addtolength on input line 81.
\calc@Ccount=\count110
\calc@Cskip=\skip51
)
(/usr/local/texlive/2017/texmf-dist/tex/latex/mathtools/mhsetup.sty
Package: mhsetup 2017/03/31 v1.3 programming setup (MH)
)
LaTeX Info: Thecontrolsequence`\('isalreadyrobust on input line 129.
LaTeX Info: Thecontrolsequence`\)'isalreadyrobust on input line 129.
LaTeX Info: Thecontrolsequence`\['isalreadyrobust on input line 129.
LaTeX Info: Thecontrolsequence`\]'isalreadyrobust on input line 129.
\g_MT_multlinerow_int=\count111
\l_MT_multwidth_dim=\dimen150
\origjot=\skip52
\l_MT_shortvdotswithinadjustabove_dim=\dimen151
\l_MT_shortvdotswithinadjustbelow_dim=\dimen152
\l_MT_above_intertext_sep=\dimen153
\l_MT_below_intertext_sep=\dimen154
\l_MT_above_shortintertext_sep=\dimen155
\l_MT_below_shortintertext_sep=\dimen156
)
(/usr/local/texlive/2017/texmf-dist/tex/latex/cancel/cancel.sty
Package: cancel 2013/04/12 v2.2 Cancel math terms
)
(/usr/local/texlive/2017/texmf-dist/tex/latex/cases/cases.sty
Package: cases 2002/05/02 ver 2.5 
)
(/usr/local/texlive/2017/texmf-dist/tex/latex/tools/bm.sty
Package: bm 2017/01/16 v1.2c Bold Symbol Support (DPC/FMi)
\symboldoperators=\mathgroup7
\symboldletters=\mathgroup8
\symboldsymbols=\mathgroup9
\symboldmincho=\mathgroup10
LaTeX Font Info:    Redeclaring math alphabet \mathbf on input line 141.
LaTeX Info: Redefining \bm on input line 207.
)
(/usr/local/texlive/2017/texmf-dist/tex/latex/colortbl/colortbl.sty
Package: colortbl 2012/02/13 v1.0a Color table columns (DPC)

(/usr/local/texlive/2017/texmf-dist/tex/latex/graphics/color.sty
Package: color 2016/07/10 v1.1e Standard LaTeX Color (DPC)

(/usr/local/texlive/2017/texmf-dist/tex/latex/graphics-cfg/color.cfg
File: color.cfg 2016/01/02 v1.6 sample color configuration
)
Package color Info: Driver file: dvips.def on input line 147.

(/usr/local/texlive/2017/texmf-dist/tex/latex/graphics-def/dvips.def
File: dvips.def 2017/06/20 v3.1d Graphics/color driver for dvips
)
(/usr/local/texlive/2017/texmf-dist/tex/latex/graphics/dvipsnam.def
File: dvipsnam.def 2016/06/17 v3.0m Driver-dependent file (DPC,SPQR)
))
\everycr=\toks24
\minrowclearance=\skip53
)
(/usr/local/texlive/2017/texmf-dist/tex/latex/caption/subcaption.sty
Package: subcaption 2016/05/22 v1.1-161 Sub-captions (AR)

(/usr/local/texlive/2017/texmf-dist/tex/latex/caption/caption.sty
Package: caption 2016/02/21 v3.3-144 Customizing captions (AR)

(/usr/local/texlive/2017/texmf-dist/tex/latex/caption/caption3.sty
Package: caption3 2016/05/22 v1.7-166 caption3 kernel (AR)
Package caption3 Info: TeX engine: e-TeX on input line 67.
\captionmargin=\dimen157
\captionmargin@=\dimen158
\captionwidth=\dimen159
\caption@tempdima=\dimen160
\caption@indent=\dimen161
\caption@parindent=\dimen162
\caption@hangindent=\dimen163
Package caption Info: Unknown document class (or package),
(caption)             standard defaults will be used.
)

Package caption Warning: Unsupported document class (or package) detected,
(caption)                usage of the caption package is not recommended.
See the caption package documentation for explanation.

Package caption Info: \@makecaption = \long macro:#1#2->{\small \advance \lefts
kip .0628\linewidth \advance \rightskip .0628\linewidth \vskip \abovecaptionski
p \sbox \@tempboxa {#1\hskip 1zw\relax #2}\ifdim \wd \@tempboxa <\hsize \center
ing \fi #1\hskip 1zw\relax #2\par \vskip \belowcaptionskip }.
\c@ContinuedFloat=\count112
Package caption Info: float package is loaded.
)
\c@subfigure=\count113
\c@subtable=\count114
) (/usr/local/texlive/2017/texmf-dist/tex/latex/feynmf/feynmf.sty
Package: feynmf 1996/12/02 v1.08 LaTeX/Metafont Feynman Diagram Package (ohl)
\@outfmf=\write3
\fmfbuf@=\toks25
\c@fmfgraph=\count115
\grep@infile=\read1
\grep@outfile=\write4
)
(/usr/local/texlive/2017/texmf-dist/tex/latex/graphics/graphicx.sty
Package: graphicx 2017/06/01 v1.1a Enhanced LaTeX Graphics (DPC,SPQR)

(/usr/local/texlive/2017/texmf-dist/tex/latex/graphics/graphics.sty
Package: graphics 2017/06/25 v1.2c Standard LaTeX Graphics (DPC,SPQR)

(/usr/local/texlive/2017/texmf-dist/tex/latex/graphics/trig.sty
Package: trig 2016/01/03 v1.10 sin cos tan (DPC)
)
(/usr/local/texlive/2017/texmf-dist/tex/latex/graphics-cfg/graphics.cfg
File: graphics.cfg 2016/06/04 v1.11 sample graphics configuration
)
Package graphics Info: Driver file: dvipdfmx.def on input line 99.

(/usr/local/texlive/2017/texmf-dist/tex/latex/graphics-def/dvipdfmx.def
File: dvipdfmx.def 2017/06/24 v5.0g Graphics/color driver for dvipdfmx
))
\Gin@req@height=\dimen164
\Gin@req@width=\dimen165
)
(/usr/local/texlive/2017/texmf-dist/tex/latex/hyperref/hyperref.sty
Package: hyperref 2017/03/14 v6.85a Hypertext links for LaTeX

(/usr/local/texlive/2017/texmf-dist/tex/generic/oberdiek/hobsub-hyperref.sty
Package: hobsub-hyperref 2016/05/16 v1.14 Bundle oberdiek, subset hyperref (HO)


(/usr/local/texlive/2017/texmf-dist/tex/generic/oberdiek/hobsub-generic.sty
Package: hobsub-generic 2016/05/16 v1.14 Bundle oberdiek, subset generic (HO)
Package: hobsub 2016/05/16 v1.14 Construct package bundles (HO)
Package: infwarerr 2016/05/16 v1.4 Providing info/warning/error messages (HO)
Package: ltxcmds 2016/05/16 v1.23 LaTeX kernel commands for general use (HO)
Package: ifluatex 2016/05/16 v1.4 Provides the ifluatex switch (HO)
Package ifluatex Info: LuaTeX not detected.
Package: ifvtex 2016/05/16 v1.6 Detect VTeX and its facilities (HO)
Package ifvtex Info: VTeX not detected.
Package: intcalc 2016/05/16 v1.2 Expandable calculations with integers (HO)
Package: ifpdf 2017/03/15 v3.2 Provides the ifpdf switch
Package: etexcmds 2016/05/16 v1.6 Avoid name clashes with e-TeX commands (HO)
Package etexcmds Info: Could not find \expanded.
(etexcmds)             That can mean that you are not using pdfTeX 1.50 or
(etexcmds)             that some package has redefined \expanded.
(etexcmds)             In the latter case, load this package earlier.
Package: kvsetkeys 2016/05/16 v1.17 Key value parser (HO)
Package: kvdefinekeys 2016/05/16 v1.4 Define keys (HO)
Package: pdftexcmds 2018/01/21 v0.26 Utility functions of pdfTeX for LuaTeX (HO
)
Package pdftexcmds Info: LuaTeX not detected.
Package pdftexcmds Info: pdfTeX >= 1.30 not detected.
Package pdftexcmds Info: \pdf@primitive is available.
Package pdftexcmds Info: \pdf@ifprimitive is available.
Package pdftexcmds Info: \pdfdraftmode not found.
Package: pdfescape 2016/05/16 v1.14 Implements pdfTeX's escape features (HO)
Package: bigintcalc 2016/05/16 v1.4 Expandable calculations on big integers (HO
)
Package: bitset 2016/05/16 v1.2 Handle bit-vector datatype (HO)
Package: uniquecounter 2016/05/16 v1.3 Provide unlimited unique counter (HO)
)
Package hobsub Info: Skipping package `hobsub' (already loaded).
Package: letltxmacro 2016/05/16 v1.5 Let assignment for LaTeX macros (HO)
Package: hopatch 2016/05/16 v1.3 Wrapper for package hooks (HO)
Package: xcolor-patch 2016/05/16 xcolor patch
Package: atveryend 2016/05/16 v1.9 Hooks at the very end of document (HO)
Package atveryend Info: \enddocument detected (standard20110627).
Package: atbegshi 2016/06/09 v1.18 At begin shipout hook (HO)
Package: refcount 2016/05/16 v3.5 Data extraction from label references (HO)
Package: hycolor 2016/05/16 v1.8 Color options for hyperref/bookmark (HO)
)
(/usr/local/texlive/2017/texmf-dist/tex/generic/ifxetex/ifxetex.sty
Package: ifxetex 2010/09/12 v0.6 Provides ifxetex conditional
)
(/usr/local/texlive/2017/texmf-dist/tex/latex/oberdiek/auxhook.sty
Package: auxhook 2016/05/16 v1.4 Hooks for auxiliary files (HO)
)
(/usr/local/texlive/2017/texmf-dist/tex/latex/oberdiek/kvoptions.sty
Package: kvoptions 2016/05/16 v3.12 Key value format for package options (HO)
)
\@linkdim=\dimen166
\Hy@linkcounter=\count116
\Hy@pagecounter=\count117

(/usr/local/texlive/2017/texmf-dist/tex/latex/hyperref/pd1enc.def
File: pd1enc.def 2017/03/14 v6.85a Hyperref: PDFDocEncoding definition (HO)
)
\Hy@SavedSpaceFactor=\count118

(/usr/local/texlive/2017/texmf-dist/tex/latex/latexconfig/hyperref.cfg
File: hyperref.cfg 2002/06/06 v1.2 hyperref configuration of TeXLive
)
Package hyperref Info: Hyper figures OFF on input line 4498.
Package hyperref Info: Link nesting OFF on input line 4503.
Package hyperref Info: Hyper index ON on input line 4506.
Package hyperref Info: Plain pages OFF on input line 4513.
Package hyperref Info: Backreferencing OFF on input line 4518.
Package hyperref Info: Implicit mode ON; LaTeX internals redefined.
Package hyperref Info: Bookmarks ON on input line 4751.
\c@Hy@tempcnt=\count119

(/usr/local/texlive/2017/texmf-dist/tex/latex/url/url.sty
\Urlmuskip=\muskip11
Package: url 2013/09/16  ver 3.4  Verb mode for urls, etc.
)
LaTeX Info: Redefining \url on input line 5104.
\XeTeXLinkMargin=\dimen167
\Fld@menulength=\count120
\Field@Width=\dimen168
\Fld@charsize=\dimen169
Package hyperref Info: Hyper figures OFF on input line 6358.
Package hyperref Info: Link nesting OFF on input line 6363.
Package hyperref Info: Hyper index ON on input line 6366.
Package hyperref Info: backreferencing OFF on input line 6373.
Package hyperref Info: Link coloring OFF on input line 6378.
Package hyperref Info: Link coloring with OCG OFF on input line 6383.
Package hyperref Info: PDF/A mode OFF on input line 6388.
LaTeX Info: Redefining \ref on input line 6428.
LaTeX Info: Redefining \pageref on input line 6432.
\Hy@abspage=\count121
\c@Item=\count122
\c@Hfootnote=\count123
)

Package hyperref Message: Driver: hdvipdfm.

(/usr/local/texlive/2017/texmf-dist/tex/latex/hyperref/hdvipdfm.def
File: hdvipdfm.def 2017/03/14 v6.85a Hyperref driver for dvipdfm
\pdfm@box=\box47
\c@Hy@AnnotLevel=\count124
\HyField@AnnotCount=\count125
\Fld@listcount=\count126
\c@bookmark@seq@number=\count127

(/usr/local/texlive/2017/texmf-dist/tex/latex/oberdiek/rerunfilecheck.sty
Package: rerunfilecheck 2016/05/16 v1.8 Rerun checks for auxiliary files (HO)
Package uniquecounter Info: New unique counter `rerunfilecheck' on input line 2
82.
)
\Hy@SectionHShift=\skip54
)
(/usr/local/texlive/2017/texmf-dist/tex/platex/pxjahyper/pxjahyper.sty
Package: pxjahyper 2018/01/25 v0.3c
)
Package hyperref Info: Option `colorlinks' set `false' on input line 26.


Package hyperref Warning: Option `bookmarks' has already been used,
(hyperref)                setting the option has no effect on input line 26.

Package hyperref Info: Option `bookmarksnumbered' set `true' on input line 26.
(./integrate.aux (./report_abe.aux) (./hayakawa_1st.aux) (./tajima_1st.aux)
(./report_ike.aux) (./odagawa_1st.aux) (./mino_1st.aux) (./hatano_1st.aux)
(./lifetime.aux))
\openout1 = `integrate.aux'.

LaTeX Font Info:    Checking defaults for OML/cmm/m/it on input line 34.
LaTeX Font Info:    ... okay on input line 34.
LaTeX Font Info:    Checking defaults for T1/cmr/m/n on input line 34.
LaTeX Font Info:    ... okay on input line 34.
LaTeX Font Info:    Checking defaults for OT1/cmr/m/n on input line 34.
LaTeX Font Info:    ... okay on input line 34.
LaTeX Font Info:    Checking defaults for OMS/cmsy/m/n on input line 34.
LaTeX Font Info:    ... okay on input line 34.
LaTeX Font Info:    Checking defaults for OMX/cmex/m/n on input line 34.
LaTeX Font Info:    ... okay on input line 34.
LaTeX Font Info:    Checking defaults for U/cmr/m/n on input line 34.
LaTeX Font Info:    ... okay on input line 34.
LaTeX Font Info:    Checking defaults for JY1/mc/m/n on input line 34.
LaTeX Font Info:    ... okay on input line 34.
LaTeX Font Info:    Checking defaults for JT1/mc/m/n on input line 34.
LaTeX Font Info:    ... okay on input line 34.
LaTeX Font Info:    Checking defaults for PD1/pdf/m/n on input line 34.
LaTeX Font Info:    ... okay on input line 34.
Package caption Info: Begin \AtBeginDocument code.
Package caption Info: hyperref package is loaded.
Package caption Info: End \AtBeginDocument code.
\AtBeginShipoutBox=\box48
Package hyperref Info: Link coloring OFF on input line 34.

(/usr/local/texlive/2017/texmf-dist/tex/latex/hyperref/nameref.sty
Package: nameref 2016/05/21 v2.44 Cross-referencing by name of section

(/usr/local/texlive/2017/texmf-dist/tex/generic/oberdiek/gettitlestring.sty
Package: gettitlestring 2016/05/16 v1.5 Cleanup title references (HO)
)
\c@section@level=\count128
)
LaTeX Info: Redefining \ref on input line 34.
LaTeX Info: Redefining \pageref on input line 34.
LaTeX Info: Redefining \nameref on input line 34.

(./integrate.out) (./integrate.out)
\@outlinefile=\write5
\openout5 = `integrate.out'.

LaTeX Font Info:    Font shape `JT1/mc/m/n' will be
(Font)              scaled to size 16.60605pt on input line 41.
LaTeX Font Info:    Font shape `JY1/mc/m/n' will be
(Font)              scaled to size 16.60605pt on input line 41.
LaTeX Font Info:    Font shape `JT1/mc/m/n' will be
(Font)              scaled to size 11.53198pt on input line 41.
LaTeX Font Info:    Font shape `JY1/mc/m/n' will be
(Font)              scaled to size 11.53198pt on input line 41.
LaTeX Font Info:    Font shape `JY1/mc/m/n' will be
(Font)              scaled to size 5.76599pt on input line 41.
LaTeX Font Info:    Try loading font information for U+msa on input line 41.

(/usr/local/texlive/2017/texmf-dist/tex/latex/amsfonts/umsa.fd
File: umsa.fd 2013/01/14 v3.01 AMS symbols A
)
LaTeX Font Info:    Try loading font information for U+msb on input line 41.

(/usr/local/texlive/2017/texmf-dist/tex/latex/amsfonts/umsb.fd
File: umsb.fd 2013/01/14 v3.01 AMS symbols B
)
LaTeX Font Info:    Font shape `JY1/gt/m/n' will be
(Font)              scaled to size 11.53198pt on input line 41.
LaTeX Font Info:    Font shape `JY1/gt/m/n' will be
(Font)              scaled to size 7.68799pt on input line 41.
LaTeX Font Info:    Font shape `JY1/gt/m/n' will be
(Font)              scaled to size 5.76599pt on input line 41.
 [1

]
LaTeX Font Info:    Font shape `JT1/gt/m/n' will be
(Font)              scaled to size 9.60999pt on input line 41.
LaTeX Font Info:    Font shape `JY1/gt/m/n' will be
(Font)              scaled to size 9.60999pt on input line 41.
LaTeX Font Info:    Font shape `JT1/mc/m/n' will be
(Font)              scaled to size 13.83836pt on input line 41.
LaTeX Font Info:    Font shape `JY1/mc/m/n' will be
(Font)              scaled to size 13.83836pt on input line 41.
LaTeX Font Info:    Font shape `JT1/gt/m/n' will be
(Font)              scaled to size 13.83836pt on input line 41.
LaTeX Font Info:    Font shape `JY1/gt/m/n' will be
(Font)              scaled to size 13.83836pt on input line 41.

(./integrate.toc
LaTeX Font Info:    Font shape `JY1/mc/m/n' will be
(Font)              scaled to size 6.72699pt on input line 3.
LaTeX Font Info:    Font shape `JY1/mc/m/n' will be
(Font)              scaled to size 4.805pt on input line 3.
LaTeX Font Info:    Font shape `JY1/gt/m/n' will be
(Font)              scaled to size 6.72699pt on input line 3.
LaTeX Font Info:    Font shape `JY1/gt/m/n' will be
(Font)              scaled to size 4.805pt on input line 3.
)
\tf@toc=\write6
\openout6 = `integrate.toc'.

 [1]
\openout2 = `report_abe.aux'.

 (./report_abe.tex
LaTeX Font Info:    Font shape `JT1/gt/m/n' will be
(Font)              scaled to size 11.53198pt on input line 46.


feynmf: File feynmanzu1.tfm found.
feynmf: Nevertheless, if the picture has changed, reprocess feynmanzu1.mf.
feynmf: If dimension have changed, reprocess feynmanzu1.mf and integrate.tex.
\openout3 = `feynmanzu1.mf'.

feynmf: Label file feynmanzu1.t1 not found:
feynmf: Process feynmanzu1.mf with METAFONT and then reprocess this file.
[2

] [3]
File: figure/abe/michelgraph.png Graphic file (type bmp)
<figure/abe/michelgraph.png>


Package hyperref Warning: Token not allowed in a PDF string (PDFDocEncoding):
(hyperref)                removing `math shift' on input line 143.


Package hyperref Warning: Token not allowed in a PDF string (PDFDocEncoding):
(hyperref)                removing `math shift' on input line 143.

[4]

feynmf: File feynmanzu2.tfm found.
feynmf: Nevertheless, if the picture has changed, reprocess feynmanzu2.mf.
feynmf: If dimension have changed, reprocess feynmanzu2.mf and integrate.tex.
\openout3 = `feynmanzu2.mf'.

feynmf: Label file feynmanzu2.t1 not found:
feynmf: Process feynmanzu2.mf with METAFONT and then reprocess this file.
[5]

Package hyperref Warning: Token not allowed in a PDF string (PDFDocEncoding):
(hyperref)                removing `math shift' on input line 240.


Package hyperref Warning: Token not allowed in a PDF string (PDFDocEncoding):
(hyperref)                removing `math shift' on input line 240.

LaTeX Font Info:    Font shape `JT1/mc/m/sl' in size <10> not available
(Font)              Font shape `JT1/mc/m/n' tried instead on input line 243.
LaTeX Font Info:    Font shape `JT1/mc/m/n' will be
(Font)              scaled to size 9.60999pt on input line 243.
LaTeX Font Info:    Font shape `JY1/mc/m/sl' in size <10> not available
(Font)              Font shape `JY1/mc/m/n' tried instead on input line 243.
LaTeX Font Info:    Font shape `JY1/mc/m/n' will be
(Font)              scaled to size 9.60999pt on input line 243.
LaTeX Font Info:    Font shape `JT1/mc/bx/sl' in size <10> not available
(Font)              Font shape `JT1/gt/m/n' tried instead on input line 243.
LaTeX Font Info:    Font shape `JT1/gt/m/n' will be
(Font)              scaled to size 9.60999pt on input line 243.
LaTeX Font Info:    Font shape `JY1/mc/bx/sl' in size <10> not available
(Font)              Font shape `JY1/gt/m/n' tried instead on input line 243.
LaTeX Font Info:    Font shape `JY1/gt/m/n' will be
(Font)              scaled to size 9.60999pt on input line 243.
LaTeX Font Info:    Font shape `JT1/mc/m/n' will be
(Font)              scaled to size 6.72699pt on input line 243.
LaTeX Font Info:    Font shape `JT1/mc/m/n' will be
(Font)              scaled to size 4.805pt on input line 243.
[6] [7]) [8]
\openout2 = `hayakawa_1st.aux'.

 (./hayakawa_1st.tex
File: figure/hayakawa/decay_pion.png Graphic file (type bmp)
<figure/hayakawa/decay_pion.png>
LaTeX Font Info:    Font shape `JT1/mc/m/n' will be
(Font)              scaled to size 5.76599pt on input line 34.


Package hyperref Warning: Ignoring empty anchor on input line 34.

[9


]
File: figure/hayakawa/profile.pdf Graphic file (type pdf)
<figure/hayakawa/profile.pdf>
LaTeX Font Info:    Try loading font information for OMS+cmr on input line 66.
 (/usr/local/texlive/2017/texmf-dist/tex/latex/base/omscmr.fd
File: omscmr.fd 2014/09/29 v2.5h Standard LaTeX font definitions
)
LaTeX Font Info:    Font shape `OMS/cmr/m/n' in size <10> not available
(Font)              Font shape `OMS/cmsy/m/n' tried instead on input line 66.
 [10]
File: figure/hayakawa/lifetime.png Graphic file (type bmp)
<figure/hayakawa/lifetime.png>
File: figure/hayakawa/pl_20_24.pdf Graphic file (type pdf)
<figure/hayakawa/pl_20_24.pdf>
 [11]
File: figure/hayakawa/NaI_10_20.pdf Graphic file (type pdf)
<figure/hayakawa/NaI_10_20.pdf>

[12]
File: figure/hayakawa/psmd.png Graphic file (type bmp)
<figure/hayakawa/psmd.png>
File: figure/hayakawa/p7.png Graphic file (type bmp)
<figure/hayakawa/p7.png>
 [13]
File: figure/hayakawa/ps_kotei.jpg Graphic file (type bmp)
<figure/hayakawa/ps_kotei.jpg>
 [14]
File: figure/hayakawa/waku1.png Graphic file (type bmp)
<figure/hayakawa/waku1.png>
File: figure/hayakawa/PS_real.jpg Graphic file (type bmp)
<figure/hayakawa/PS_real.jpg>
 [15]
File: figure/hayakawa/PS_in.jpg Graphic file (type bmp)
<figure/hayakawa/PS_in.jpg>
File: figure/hayakawa/p6.png Graphic file (type bmp)
<figure/hayakawa/p6.png>
File: figure/hayakawa/NaI_real.jpg Graphic file (type bmp)
<figure/hayakawa/NaI_real.jpg>

Overfull \hbox (15.33331pt too wide) in paragraph at lines 156--168
[][] 
 []

[16]
File: figure/hayakawa/kadai_setup.jpg Graphic file (type bmp)
<figure/hayakawa/kadai_setup.jpg>
File: figure/hayakawa/laser1.jpg Graphic file (type bmp)
<figure/hayakawa/laser1.jpg>

Overfull \hbox (15.33331pt too wide) in paragraph at lines 175--187
[][] 
 []

[17]
File: figure/hayakawa/ps_plot.pdf Graphic file (type pdf)
<figure/hayakawa/ps_plot.pdf>

Overfull \hbox (39.68246pt too wide) in paragraph at lines 212--213
 [][] 
 []

File: figure/hayakawa/1095_L.jpg Graphic file (type bmp)
<figure/hayakawa/1095_L.jpg>
File: figure/hayakawa/NaI_plot.pdf Graphic file (type pdf)
<figure/hayakawa/NaI_plot.pdf>

Overfull \hbox (39.68246pt too wide) in paragraph at lines 235--236
 [][] 
 []

File: figure/hayakawa/DT5725_L.png Graphic file (type bmp)
<figure/hayakawa/DT5725_L.png>
[18]) [19]
\openout2 = `tajima_1st.aux'.

 (./tajima_1st.tex

Package hyperref Warning: Token not allowed in a PDF string (PDFDocEncoding):
(hyperref)                removing `math shift' on input line 28.


Package hyperref Warning: Token not allowed in a PDF string (PDFDocEncoding):
(hyperref)                removing `math shift' on input line 28.

File: figure/tajima/cu_target.jpg Graphic file (type bmp)
<figure/tajima/cu_target.jpg>
File: figure/tajima/mag.jpg Graphic file (type bmp)
<figure/tajima/mag.jpg>
File: figure/tajima/cos.png Graphic file (type bmp)
<figure/tajima/cos.png>
File: figure/tajima/cos2.png Graphic file (type bmp)
<figure/tajima/cos2.png>
[20


] [21]
LaTeX Font Info:    Font shape `JT1/mc/bx/n' in size <10> not available
(Font)              Font shape `JT1/gt/m/n' tried instead on input line 117.
LaTeX Font Info:    Font shape `JT1/gt/m/n' will be
(Font)              scaled to size 9.60999pt on input line 117.
LaTeX Font Info:    Font shape `JY1/mc/bx/n' in size <10> not available
(Font)              Font shape `JY1/gt/m/n' tried instead on input line 117.
LaTeX Font Info:    Font shape `JY1/gt/m/n' will be
(Font)              scaled to size 9.60999pt on input line 117.


LaTeX Warning: Reference `HVreso' on page 22 undefined on input line 117.

File: figure/tajima/gain_curve.png Graphic file (type bmp)
<figure/tajima/gain_curve.png>

Overfull \hbox (12.61266pt too wide) in paragraph at lines 122--124
 |  [] 
 []

File: figure/tajima/charge_resolution.png Graphic file (type bmp)
<figure/tajima/charge_resolution.png>

Overfull \hbox (20.39046pt too wide) in paragraph at lines 131--132
 [] 
 []

[22] [23]
File: figure/tajima/NaI7_Setup2.png Graphic file (type bmp)
<figure/tajima/NaI7_Setup2.png>
File: figure/tajima/MC2.png Graphic file (type bmp)
<figure/tajima/MC2.png>
File: figure/tajima/fit.png Graphic file (type bmp)
<figure/tajima/fit.png>
 [24] [25]
File: figure/tajima/set_lifetime.png Graphic file (type bmp)
<figure/tajima/set_lifetime.png>
File: figure/tajima/set_lifetime_1.png Graphic file (type bmp)
<figure/tajima/set_lifetime_1.png>
 [26]
File: figure/tajima/g-2_3.png Graphic file (type bmp)
<figure/tajima/g-2_3.png>
File: figure/tajima/g.jpg Graphic file (type bmp)
<figure/tajima/g.jpg>

Overfull \hbox (20.39046pt too wide) in paragraph at lines 348--349
 [] 
 []

File: figure/tajima/circuit_ps_2.png Graphic file (type bmp)
<figure/tajima/circuit_ps_2.png>
File: figure/tajima/circuit_nai.png Graphic file (type bmp)
<figure/tajima/circuit_nai.png>
[27]) [28]
\openout2 = `report_ike.aux'.

 (./report_ike.tex [29


]
File: figure/ikemitsu/lt_layercoin.pdf Graphic file (type pdf)
<figure/ikemitsu/lt_layercoin.pdf>
LaTeX Font Info:    Font shape `JT1/mc/m/n' will be
(Font)              scaled to size 8.64899pt on input line 119.
LaTeX Font Info:    Font shape `JY1/mc/m/n' will be
(Font)              scaled to size 8.64899pt on input line 119.
File: figure/ikemitsu/lt_layercoin_fit.pdf Graphic file (type pdf)
<figure/ikemitsu/lt_layercoin_fit.pdf>
LaTeX Font Info:    Font shape `JY1/gt/m/n' will be
(Font)              scaled to size 8.64899pt on input line 125.
 [30]
File: figure/ikemitsu/g_layer_f_coin.pdf Graphic file (type pdf)
<figure/ikemitsu/g_layer_f_coin.pdf>
File: figure/ikemitsu/g_laye_f_coin_fit.pdf Graphic file (type pdf)
<figure/ikemitsu/g_laye_f_coin_fit.pdf>
 [31]
File: figure/ikemitsu/michel_PS.pdf Graphic file (type pdf)
<figure/ikemitsu/michel_PS.pdf>
 [32]
File: figure/ikemitsu/michel_PS_gosa.pdf Graphic file (type pdf)
<figure/ikemitsu/michel_PS_gosa.pdf>
 [33] [34] [35]) [36]
\openout2 = `odagawa_1st.aux'.


(./odagawa_1st.tex
File: figure/odagawa/PSEventDisplayAll.png Graphic file (type bmp)
<figure/odagawa/PSEventDisplayAll.png>


LaTeX Warning: `h' float specifier changed to `ht'.

File: figure/odagawa/PSEventDisplayZoom.png Graphic file (type bmp)
<figure/odagawa/PSEventDisplayZoom.png>

LaTeX Warning: `h' float specifier changed to `ht'.

File: figure/odagawa/PSLifetimeDist_Layer0.png Graphic file (type bmp)
<figure/odagawa/PSLifetimeDist_Layer0.png>
File: figure/odagawa/PSLifetimeDist_Layer1.png Graphic file (type bmp)
<figure/odagawa/PSLifetimeDist_Layer1.png>
File: figure/odagawa/PSLifetimeDist_Layer3.png Graphic file (type bmp)
<figure/odagawa/PSLifetimeDist_Layer3.png>
File: figure/odagawa/PSLifetimeDistNoCoin_Layer3.png Graphic file (type bmp)
<figure/odagawa/PSLifetimeDistNoCoin_Layer3.png>

LaTeX Warning: `h' float specifier changed to `ht'.

[37


]
File: figure/odagawa/PSLifetimeFit_Layer0.png Graphic file (type bmp)
<figure/odagawa/PSLifetimeFit_Layer0.png>
File: figure/odagawa/PSLifetimeFit_Layer1.png Graphic file (type bmp)
<figure/odagawa/PSLifetimeFit_Layer1.png>
File: figure/odagawa/PSLifetimeFit_Layer3.png Graphic file (type bmp)
<figure/odagawa/PSLifetimeFit_Layer3.png>


LaTeX Warning: `h' float specifier changed to `ht'.

[38]
File: figure/odagawa/PSgFactorDist_Layer0.png Graphic file (type bmp)
<figure/odagawa/PSgFactorDist_Layer0.png>
File: figure/odagawa/PSgFactorDist_Layer1.png Graphic file (type bmp)
<figure/odagawa/PSgFactorDist_Layer1.png>
File: figure/odagawa/PSgFactorDist_Layer3.png Graphic file (type bmp)
<figure/odagawa/PSgFactorDist_Layer3.png>


LaTeX Warning: `h' float specifier changed to `ht'.

File: figure/odagawa/PSgFactorFit_Layer0.png Graphic file (type bmp)
<figure/odagawa/PSgFactorFit_Layer0.png>
File: figure/odagawa/PSgFactorFit_Layer1.png Graphic file (type bmp)
<figure/odagawa/PSgFactorFit_Layer1.png>
File: figure/odagawa/PSgFactorFit_Layer3.png Graphic file (type bmp)
<figure/odagawa/PSgFactorFit_Layer3.png>

LaTeX Warning: `h' float specifier changed to `ht'.


LaTeX Warning: `h' float specifier changed to `ht'.

[39]

LaTeX Warning: `h' float specifier changed to `ht'.

[40] [41] [42]
File: figure/odagawa/PSOmegaCheck.png Graphic file (type bmp)
<figure/odagawa/PSOmegaCheck.png>
File: figure/odagawa/PSCycleCheck.png Graphic file (type bmp)
<figure/odagawa/PSCycleCheck.png>


LaTeX Warning: `h' float specifier changed to `ht'.

[43]
File: figure/odagawa/NaITimeOrigin.png Graphic file (type bmp)
<figure/odagawa/NaITimeOrigin.png>
File: figure/odagawa/PSTimeOrigin.png Graphic file (type bmp)
<figure/odagawa/PSTimeOrigin.png>


LaTeX Warning: `h' float specifier changed to `ht'.

) [44] [45]
\openout2 = `mino_1st.aux'.

 (./mino_1st.tex
File: figure/hatano/rawdata.eps Graphic file (type eps)
<figure/hatano/rawdata.eps>
 [46


]
File: figure/hatano/smoothdata.eps Graphic file (type eps)
<figure/hatano/smoothdata.eps>
File: figure/hatano/peakdata.eps Graphic file (type eps)
<figure/hatano/peakdata.eps>
 [47]
File: figure/hatano/decayfit.eps Graphic file (type eps)
<figure/hatano/decayfit.eps>
File: figure/hatano/decaytime.eps Graphic file (type eps)
<figure/hatano/decaytime.eps>
File: figure/hatano/analysis.eps Graphic file (type eps)
<figure/hatano/analysis.eps>
 [48]
File: figure/hatano/coincidence.eps Graphic file (type eps)
<figure/hatano/coincidence.eps>


Package hyperref Warning: Token not allowed in a PDF string (PDFDocEncoding):
(hyperref)                removing `math shift' on input line 98.


Package hyperref Warning: Token not allowed in a PDF string (PDFDocEncoding):
(hyperref)                removing `math shift' on input line 98.

[49]
File: figure/mino/no_mag.png Graphic file (type bmp)
<figure/mino/no_mag.png>
File: figure/mino/with_mag_RUN18.png Graphic file (type bmp)
<figure/mino/with_mag_RUN18.png>
File: figure/mino/with_mag_RUN19.png Graphic file (type bmp)
<figure/mino/with_mag_RUN19.png>
 [50] [51]
File: figure/mino/Original.png Graphic file (type bmp)
<figure/mino/Original.png>
File: figure/mino/gausfitting_ratio.png Graphic file (type bmp)
<figure/mino/gausfitting_ratio.png>
File: figure/mino/timeresolution_ratio.png Graphic file (type bmp)
<figure/mino/timeresolution_ratio.png>

Overfull \hbox (2.2222pt too wide) in paragraph at lines 156--168
[][]$[]$[] []$[]$[] 
 []

[52]
File: figure/mino/lifetime_NaI_ratio.png Graphic file (type bmp)
<figure/mino/lifetime_NaI_ratio.png>
 [53]
File: figure/mino/gfactor_ratio_RUN18.png Graphic file (type bmp)
<figure/mino/gfactor_ratio_RUN18.png>
File: figure/mino/gfactor_ratio_RUN19.png Graphic file (type bmp)
<figure/mino/gfactor_ratio_RUN19.png>

Overfull \hbox (2.2222pt too wide) in paragraph at lines 215--223
[][]$[]$[] []$[]$[] 
 []

[54] [55]) [56]
\openout2 = `hatano_1st.aux'.

 (./hatano_1st.tex
File: figure/hatano/oscillation.eps Graphic file (type eps)
<figure/hatano/oscillation.eps>
File: figure/hatano/response.eps Graphic file (type eps)
<figure/hatano/response.eps>
 [57


]
File: figure/hatano/rho.eps Graphic file (type eps)
<figure/hatano/rho.eps>
 [58]
File: figure/hatano/delta.eps Graphic file (type eps)
<figure/hatano/delta.eps>
 [59]) [60] [61]
\openout2 = `lifetime.aux'.

 (./lifetime.tex

Package hyperref Warning: Token not allowed in a PDF string (PDFDocEncoding):
(hyperref)                removing `math shift' on input line 17.


Package hyperref Warning: Token not allowed in a PDF string (PDFDocEncoding):
(hyperref)                removing `\mu' on input line 17.


Package hyperref Warning: Token not allowed in a PDF string (PDFDocEncoding):
(hyperref)                removing `superscript' on input line 17.


Package hyperref Warning: Token not allowed in a PDF string (PDFDocEncoding):
(hyperref)                removing `math shift' on input line 17.


Overfull \hbox (45.84035pt too wide) detected at line 58
[]
 []

[62


] [63] [64] [65]) [66]
Underfull \hbox (badness 10000) in paragraph at lines 57--58
[]\JY1/mc/m/n/10 加速器用超伝導磁石 \OT1/cmr/m/n/10 - KEK ([]$\OT1/cmtt/m/n/10 
http : / / accwww2 . kek . jp / oho / OHO % 20text % 20archives %
 []

Package atveryend Info: Empty hook `BeforeClearDocument' on input line 62.
[67

]
Package atveryend Info: Empty hook `AfterLastShipout' on input line 62.
 (./integrate.aux (./report_abe.aux) (./hayakawa_1st.aux) (./tajima_1st.aux) (.
/report_ike.aux) (./odagawa_1st.aux) (./mino_1st.aux) (./hatano_1st.aux)
(./lifetime.aux))
Package atveryend Info: Empty hook `AtVeryEndDocument' on input line 62.
Package atveryend Info: Executing hook `AtEndAfterFileList' on input line 62.
Package rerunfilecheck Info: File `integrate.out' has not changed.
(rerunfilecheck)             Checksum: 5A7831E982663D97FB1A9A03E00574E3;2534.


LaTeX Warning: There were undefined references.

Package atveryend Info: Empty hook `AtVeryVeryEnd' on input line 62.
 ) 
Here is how much of TeX's memory you used:
 8947 strings out of 493638
 135668 string characters out of 6148681
 238786 words of memory out of 5000000
 12258 multiletter control sequences out of 15000+600000
 32070 words of font info for 137 fonts, out of 8000000 for 9000
 934 hyphenation exceptions out of 8191
 42i,20n,41p,1088b,628s stack positions out of 5000i,500n,10000p,200000b,80000s

Output written on integrate.dvi (68 pages, 246612 bytes).
