%このファイルは日本語文字を含みます.
\BOOKMARK [1][-]{section.1}{1 序論}{}% 1
\BOOKMARK [1][-]{section.2}{2 理論}{}% 2
\BOOKMARK [2][-]{subsection.2.1}{2.1 ミューオンとは}{section.2}% 3
\BOOKMARK [2][-]{subsection.2.2}{2.2 ミューオンの寿命}{section.2}% 4
\BOOKMARK [2][-]{subsection.2.3}{2.3 ミッシェルパラメータ}{section.2}% 5
\BOOKMARK [2][-]{subsection.2.4}{2.4 ミューオンのg因子}{section.2}% 6
\BOOKMARK [1][-]{section.3}{3 実験原理}{}% 7
\BOOKMARK [2][-]{subsection.3.1}{3.1 寿命測定の原理}{section.3}% 8
\BOOKMARK [2][-]{subsection.3.2}{3.2 ミッシェルパラメータ測定の原理}{section.3}% 9
\BOOKMARK [2][-]{subsection.3.3}{3.3 g因子測定の原理}{section.3}% 10
\BOOKMARK [2][-]{subsection.3.4}{3.4 検出器サイズの見積もり}{section.3}% 11
\BOOKMARK [1][-]{section.4}{4 シミュレーション}{}% 12
\BOOKMARK [2][-]{subsection.4.1}{4.1 Geant4 を用いたモンテカルロシミュレーション}{section.4}% 13
\BOOKMARK [2][-]{subsection.4.2}{4.2 FEMM}{section.4}% 14
\BOOKMARK [1][-]{section.5}{5 実験方法}{}% 15
\BOOKMARK [2][-]{subsection.5.1}{5.1 MLFミューオンビーム}{section.5}% 16
\BOOKMARK [2][-]{subsection.5.2}{5.2 測定量と検出器}{section.5}% 17
\BOOKMARK [2][-]{subsection.5.3}{5.3 検出器の製作}{section.5}% 18
\BOOKMARK [2][-]{subsection.5.4}{5.4 架台の製作}{section.5}% 19
\BOOKMARK [2][-]{subsection.5.5}{5.5 FADC}{section.5}% 20
\BOOKMARK [2][-]{subsection.5.6}{5.6 寿命測定のための銅板標的}{section.5}% 21
\BOOKMARK [2][-]{subsection.5.7}{5.7 g因子測定のための磁場装置}{section.5}% 22
\BOOKMARK [2][-]{subsection.5.8}{5.8 予備実験}{section.5}% 23
\BOOKMARK [2][-]{subsection.5.9}{5.9 ビームを用いた本実験}{section.5}% 24
\BOOKMARK [1][-]{section.6}{6 プラスチックシンチレータで取得したデータの解析と結果・考察}{}% 25
\BOOKMARK [2][-]{subsection.6.1}{6.1 プラスチックシンチレータのデータ解析}{section.6}% 26
\BOOKMARK [1][-]{section.7}{7 NaIで取得したデータの解析と結果・考察}{}% 27
\BOOKMARK [2][-]{subsection.7.1}{7.1 信号解析}{section.7}% 28
\BOOKMARK [2][-]{subsection.7.2}{7.2 NaIを用いた寿命とg因子の解析}{section.7}% 29
\BOOKMARK [2][-]{subsection.7.3}{7.3 エネルギー解析}{section.7}% 30
\BOOKMARK [2][-]{subsection.7.4}{7.4 ミッシェルパラメータのまとめ}{section.7}% 31
\BOOKMARK [1][-]{appendix.A}{付録A + の崩壊寿命の理論}{}% 32
